Сборка начата 21.05.2024 01:44:58.
Уровень детализации журнала: Normal.     1>Проект "D:\labs\kpo\1sem\lab3\lab1\lab1.vcxproj" в узле 2 (целевые объекты Build).
     1>PrepareForBuild:
         Структурированный вывод включен. Форматирование диагностики компилятора будет отражать иерархию ошибок. Подробнее см. https://aka.ms/cpp/structured-output.
       InitializeBuildStatus:
         Создание "Debug\lab1.tlog\unsuccessfulbuild", так как было задано "AlwaysCreate".
         Обращение к "Debug\lab1.tlog\unsuccessfulbuild".
       ClCompile:
         D:\Visual Studio\2022\Community\VC\Tools\MSVC\14.38.33130\bin\HostX86\x86\CL.exe /c /ZI /JMC /nologo /W3 /WX- /diagnostics:column /sdl /Od /Oy- /D WIN32 /D _DEBUG /D _CONSOLE /D _UNICODE /D UNICODE /Gm- /EHsc /RTC1 /MDd /GS /fp:precise /Zc:wchar_t /Zc:forScope /Zc:inline /permissive- /FAcs /Fa"Debug\\" /Fo"Debug\\" /Fd"Debug\vc143.pdb" /external:W3 /Gd /TP /analyze- /FC /errorReport:prompt birthday.cpp days.cpp differenceDate.cpp diffHours.cpp ex1.cpp findDay.cpp leapYear.cpp monthBind.cpp stdafx.cpp
         birthday.cpp
         days.cpp
         differenceDate.cpp
         diffHours.cpp
         ex1.cpp
         findDay.cpp
         leapYear.cpp
         monthBind.cpp
         stdafx.cpp
         Создание кода...
       Link:
         D:\Visual Studio\2022\Community\VC\Tools\MSVC\14.38.33130\bin\HostX86\x86\link.exe /ERRORREPORT:PROMPT /OUT:"D:\labs\kpo\1sem\lab3\Debug\lab1.exe" /INCREMENTAL /ILK:"Debug\lab1.ilk" /NOLOGO kernel32.lib user32.lib gdi32.lib winspool.lib comdlg32.lib advapi32.lib shell32.lib ole32.lib oleaut32.lib uuid.lib odbc32.lib odbccp32.lib /MANIFEST /MANIFESTUAC:"level='asInvoker' uiAccess='false'" /manifest:embed /DEBUG /PDB:"D:\labs\kpo\1sem\lab3\Debug\lab1.pdb" /SUBSYSTEM:CONSOLE /TLBID:1 /DYNAMICBASE /NXCOMPAT /IMPLIB:"D:\labs\kpo\1sem\lab3\Debug\lab1.lib" /MACHINE:X86 Debug\birthday.obj
         Debug\days.obj
         Debug\differenceDate.obj
         Debug\diffHours.obj
         Debug\ex1.obj
         Debug\findDay.obj
         Debug\leapYear.obj
         Debug\monthBind.obj
         Debug\stdafx.obj
         lab1.vcxproj -> D:\labs\kpo\1sem\lab3\Debug\lab1.exe
       TlogCleanup:
         Следующие элементы будут удалены из tlogs, так как они были удалены из проекта или сборки: D:\labs\кпо\lab1\lab1\birthday.cpp.
       FinalizeBuildStatus:
         Файл "Debug\lab1.tlog\unsuccessfulbuild" удаляется.
         Обращение к "Debug\lab1.tlog\lab1.lastbuildstate".
     1>Сборка проекта "D:\labs\kpo\1sem\lab3\lab1\lab1.vcxproj" завершена (целевые объекты Build).

Сборка успешно завершена.
    Предупреждений: 0
    Ошибок: 0

Прошло времени 00:00:10.73
