Сборка начата 18.02.2024 19:42:50.
Уровень детализации журнала: Normal.     1>Проект "D:\labs\кпо\SE_Lab02\SE_Lab02\SE_Lab02.vcxproj" в узле 2 (целевые объекты Build).
     1>PrepareForBuild:
         Структурированный вывод включен. Форматирование диагностики компилятора будет отражать иерархию ошибок. Подробнее см. https://aka.ms/cpp/structured-output.
       InitializeBuildStatus:
         Создание "x64\Debug\SE_Lab02.tlog\unsuccessfulbuild", так как было задано "AlwaysCreate".
         Обращение к "x64\Debug\SE_Lab02.tlog\unsuccessfulbuild".
       ClCompile:
         D:\Visual Studio\2022\Community\VC\Tools\MSVC\14.38.33130\bin\HostX64\x64\CL.exe /c /ZI /JMC /nologo /W3 /WX- /diagnostics:column /sdl /Od /D _DEBUG /D _CONSOLE /D _UNICODE /D UNICODE /Gm- /EHsc /RTC1 /MDd /GS /fp:precise /fp:except /Zc:wchar_t /Zc:forScope /Zc:inline /permissive- /Fo"x64\Debug\\" /Fd"x64\Debug\vc143.pdb" /external:W3 /Gd /TP /FC /errorReport:prompt Source.cpp
         Source.cpp
     1>D:\labs\кпо\SE_Lab02\SE_Lab02\Source.cpp(15,10): warning C4244: =: преобразование "double" в "float", возможна потеря данных
     1>D:\labs\кпо\SE_Lab02\SE_Lab02\Source.cpp(60): warning C4723: возможное деление на 0
     1>D:\labs\кпо\SE_Lab02\SE_Lab02\Source.cpp(59): warning C4723: возможное деление на 0
       Link:
         D:\Visual Studio\2022\Community\VC\Tools\MSVC\14.38.33130\bin\HostX64\x64\link.exe /ERRORREPORT:PROMPT /OUT:"D:\labs\кпо\SE_Lab02\x64\Debug\SE_Lab02.exe" /INCREMENTAL /ILK:"x64\Debug\SE_Lab02.ilk" /NOLOGO kernel32.lib user32.lib gdi32.lib winspool.lib comdlg32.lib advapi32.lib shell32.lib ole32.lib oleaut32.lib uuid.lib odbc32.lib odbccp32.lib /MANIFEST /MANIFESTUAC:"level='asInvoker' uiAccess='false'" /manifest:embed /DEBUG /PDB:"D:\labs\кпо\SE_Lab02\x64\Debug\SE_Lab02.pdb" /SUBSYSTEM:CONSOLE /TLBID:1 /DYNAMICBASE /NXCOMPAT /IMPLIB:"D:\labs\кпо\SE_Lab02\x64\Debug\SE_Lab02.lib" /MACHINE:X64 x64\Debug\Source.obj
         SE_Lab02.vcxproj -> D:\labs\кпо\SE_Lab02\x64\Debug\SE_Lab02.exe
       FinalizeBuildStatus:
         Файл "x64\Debug\SE_Lab02.tlog\unsuccessfulbuild" удаляется.
         Обращение к "x64\Debug\SE_Lab02.tlog\SE_Lab02.lastbuildstate".
     1>Сборка проекта "D:\labs\кпо\SE_Lab02\SE_Lab02\SE_Lab02.vcxproj" завершена (целевые объекты Build).

Сборка успешно завершена.

       "D:\labs\кпо\SE_Lab02\SE_Lab02\SE_Lab02.vcxproj" (целевой объект Build ) (1) ->
       (Целевой объект ClCompile) -> 
         D:\labs\кпо\SE_Lab02\SE_Lab02\Source.cpp(15,10): warning C4244: =: преобразование "double" в "float", возможна потеря данных
         D:\labs\кпо\SE_Lab02\SE_Lab02\Source.cpp(60): warning C4723: возможное деление на 0
         D:\labs\кпо\SE_Lab02\SE_Lab02\Source.cpp(59): warning C4723: возможное деление на 0

    Предупреждений: 3
    Ошибок: 0

Прошло времени 00:00:01.96
