Сборка начата 15.04.2024 13:42:16.
Уровень детализации журнала: Normal.     1>Проект "D:\labs\kpo\1sem\SE_Lab10\dopEx\dopEx.vcxproj" в узле 2 (целевые объекты Build).
     1>PrepareForBuild:
         Структурированный вывод включен. Форматирование диагностики компилятора будет отражать иерархию ошибок. Подробнее см. https://aka.ms/cpp/structured-output.
       InitializeBuildStatus:
         Создание "x64\Debug\dopEx.tlog\unsuccessfulbuild", так как было задано "AlwaysCreate".
         Обращение к "x64\Debug\dopEx.tlog\unsuccessfulbuild".
       ClCompile:
         D:\Visual Studio\2022\Community\VC\Tools\MSVC\14.38.33130\bin\HostX64\x64\CL.exe /c /ZI /JMC /nologo /W3 /WX- /diagnostics:column /sdl /Od /D _DEBUG /D _CONSOLE /D _UNICODE /D UNICODE /Gm- /EHsc /RTC1 /MDd /GS /fp:precise /Zc:wchar_t /Zc:forScope /Zc:inline /permissive- /Fo"x64\Debug\\" /Fd"x64\Debug\vc143.pdb" /external:W3 /Gd /TP /FC /errorReport:prompt Ex.cpp
         Ex.cpp
     1>D:\labs\kpo\1sem\SE_Lab10\dopEx\Ex.cpp(11,21): warning C4091: : пропускается слева от "std::function<void (void)>", когда ни одна переменная не объявлена
       Link:
         D:\Visual Studio\2022\Community\VC\Tools\MSVC\14.38.33130\bin\HostX64\x64\link.exe /ERRORREPORT:PROMPT /OUT:"D:\labs\kpo\1sem\SE_Lab10\x64\Debug\dopEx.exe" /INCREMENTAL /ILK:"x64\Debug\dopEx.ilk" /NOLOGO kernel32.lib user32.lib gdi32.lib winspool.lib comdlg32.lib advapi32.lib shell32.lib ole32.lib oleaut32.lib uuid.lib odbc32.lib odbccp32.lib /MANIFEST /MANIFESTUAC:"level='asInvoker' uiAccess='false'" /manifest:embed /DEBUG /PDB:"D:\labs\kpo\1sem\SE_Lab10\x64\Debug\dopEx.pdb" /SUBSYSTEM:CONSOLE /TLBID:1 /DYNAMICBASE /NXCOMPAT /IMPLIB:"D:\labs\kpo\1sem\SE_Lab10\x64\Debug\dopEx.lib" /MACHINE:X64 x64\Debug\Ex.obj
         dopEx.vcxproj -> D:\labs\kpo\1sem\SE_Lab10\x64\Debug\dopEx.exe
       FinalizeBuildStatus:
         Файл "x64\Debug\dopEx.tlog\unsuccessfulbuild" удаляется.
         Обращение к "x64\Debug\dopEx.tlog\dopEx.lastbuildstate".
     1>Сборка проекта "D:\labs\kpo\1sem\SE_Lab10\dopEx\dopEx.vcxproj" завершена (целевые объекты Build).

Сборка успешно завершена.

       "D:\labs\kpo\1sem\SE_Lab10\dopEx\dopEx.vcxproj" (целевой объект Build ) (1) ->
       (Целевой объект ClCompile) -> 
         D:\labs\kpo\1sem\SE_Lab10\dopEx\Ex.cpp(11,21): warning C4091: : пропускается слева от "std::function<void (void)>", когда ни одна переменная не объявлена

    Предупреждений: 1
    Ошибок: 0

Прошло времени 00:00:01.16
