Сборка начата 19.02.2024 16:50:45.
Уровень детализации журнала: Normal.     1>Проект "D:\labs\кпо\SE_Lab02\SE_Lab02\SE_Lab02.vcxproj" в узле 2 (целевые объекты Build).
     1>PrepareForBuild:
         Структурированный вывод включен. Форматирование диагностики компилятора будет отражать иерархию ошибок. Подробнее см. https://aka.ms/cpp/structured-output.
       InitializeBuildStatus:
         Создание "Debug\SE_Lab02.tlog\unsuccessfulbuild", так как было задано "AlwaysCreate".
         Обращение к "Debug\SE_Lab02.tlog\unsuccessfulbuild".
       ClCompile:
         D:\Visual Studio\2022\Community\VC\Tools\MSVC\14.38.33130\bin\HostX86\x86\CL.exe /c /ZI /JMC /nologo /W3 /WX- /diagnostics:column /sdl /Od /Oy- /D WIN32 /D _DEBUG /D _CONSOLE /D _UNICODE /D UNICODE /Gm- /EHsc /RTC1 /MDd /GS /fp:precise /Zc:wchar_t /Zc:forScope /Zc:inline /permissive- /Fo"Debug\\" /Fd"Debug\vc143.pdb" /external:W3 /Gd /TP /analyze- /FC /errorReport:prompt Source.cpp
         Source.cpp
     1>D:\labs\кпо\SE_Lab02\SE_Lab02\Source.cpp(19,10): warning C4244: =: преобразование "double" в "float", возможна потеря данных
     1>D:\labs\кпо\SE_Lab02\SE_Lab02\Source.cpp(63): warning C4723: возможное деление на 0
     1>D:\labs\кпо\SE_Lab02\SE_Lab02\Source.cpp(64): warning C4723: возможное деление на 0
       Link:
         D:\Visual Studio\2022\Community\VC\Tools\MSVC\14.38.33130\bin\HostX86\x86\link.exe /ERRORREPORT:PROMPT /OUT:"D:\labs\кпо\SE_Lab02\Debug\SE_Lab02.exe" /INCREMENTAL /ILK:"Debug\SE_Lab02.ilk" /NOLOGO kernel32.lib user32.lib gdi32.lib winspool.lib comdlg32.lib advapi32.lib shell32.lib ole32.lib oleaut32.lib uuid.lib odbc32.lib odbccp32.lib /MANIFEST /MANIFESTUAC:"level='asInvoker' uiAccess='false'" /manifest:embed /DEBUG /PDB:"D:\labs\кпо\SE_Lab02\Debug\SE_Lab02.pdb" /SUBSYSTEM:CONSOLE /TLBID:1 /DYNAMICBASE /NXCOMPAT /IMPLIB:"D:\labs\кпо\SE_Lab02\Debug\SE_Lab02.lib" /MACHINE:X86 Debug\Source.obj
         SE_Lab02.vcxproj -> D:\labs\кпо\SE_Lab02\Debug\SE_Lab02.exe
       FinalizeBuildStatus:
         Файл "Debug\SE_Lab02.tlog\unsuccessfulbuild" удаляется.
         Обращение к "Debug\SE_Lab02.tlog\SE_Lab02.lastbuildstate".
     1>Сборка проекта "D:\labs\кпо\SE_Lab02\SE_Lab02\SE_Lab02.vcxproj" завершена (целевые объекты Build).

Сборка успешно завершена.

       "D:\labs\кпо\SE_Lab02\SE_Lab02\SE_Lab02.vcxproj" (целевой объект Build ) (1) ->
       (Целевой объект ClCompile) -> 
         D:\labs\кпо\SE_Lab02\SE_Lab02\Source.cpp(19,10): warning C4244: =: преобразование "double" в "float", возможна потеря данных
         D:\labs\кпо\SE_Lab02\SE_Lab02\Source.cpp(63): warning C4723: возможное деление на 0
         D:\labs\кпо\SE_Lab02\SE_Lab02\Source.cpp(64): warning C4723: возможное деление на 0

    Предупреждений: 3
    Ошибок: 0

Прошло времени 00:00:02.34
