d:\labs\кпо\lab1\lab1\lab1\debug\vc143.pdb
d:\labs\кпо\lab1\lab1\lab1\debug\vc143.idb
d:\labs\кпо\lab1\lab1\lab1\debug\stdafx.obj
d:\labs\кпо\lab1\lab1\lab1\debug\stdafx.cod
d:\labs\кпо\lab1\lab1\lab1\debug\leapyear.obj
d:\labs\кпо\lab1\lab1\lab1\debug\leapyear.cod
d:\labs\кпо\lab1\lab1\lab1\debug\ex1.obj
d:\labs\кпо\lab1\lab1\lab1\debug\ex1.cod
d:\labs\кпо\lab1\lab1\lab1\debug\days.obj
d:\labs\кпо\lab1\lab1\lab1\debug\days.cod
d:\labs\кпо\lab1\lab1\lab1\debug\birthday.obj
d:\labs\кпо\lab1\lab1\lab1\debug\birthday.cod
d:\labs\кпо\lab1\lab1\lab1\debug\lab1.ilk
d:\labs\кпо\lab1\lab1\debug\lab1.exe
d:\labs\кпо\lab1\lab1\debug\lab1.pdb
d:\labs\кпо\lab1\lab1\lab1\debug\lab1.tlog\cl.command.1.tlog
d:\labs\кпо\lab1\lab1\lab1\debug\lab1.tlog\cl.items.tlog
d:\labs\кпо\lab1\lab1\lab1\debug\lab1.tlog\cl.read.1.tlog
d:\labs\кпо\lab1\lab1\lab1\debug\lab1.tlog\cl.write.1.tlog
d:\labs\кпо\lab1\lab1\lab1\debug\lab1.tlog\link.command.1.tlog
d:\labs\кпо\lab1\lab1\lab1\debug\lab1.tlog\link.read.1.tlog
d:\labs\кпо\lab1\lab1\lab1\debug\lab1.tlog\link.write.1.tlog
