Сборка начата 28.03.2024 18:12:52.
Уровень детализации журнала: Normal.     1>Проект "D:\labs\кпо\SE_Lab07\SE_Lab07\SE_Lab07.vcxproj" в узле 2 (целевые объекты Build).
     1>PrepareForBuild:
         Структурированный вывод включен. Форматирование диагностики компилятора будет отражать иерархию ошибок. Подробнее см. https://aka.ms/cpp/structured-output.
         Создание каталога "D:\labs\кпо\SE_Lab07\x64\Debug\".
         Создание каталога "x64\Debug\SE_Lab07.tlog\".
       InitializeBuildStatus:
         Создание "x64\Debug\SE_Lab07.tlog\unsuccessfulbuild", так как было задано "AlwaysCreate".
         Обращение к "x64\Debug\SE_Lab07.tlog\unsuccessfulbuild".
       ClCompile:
         D:\Visual Studio\2022\Community\VC\Tools\MSVC\14.38.33130\bin\HostX64\x64\CL.exe /c /ZI /JMC /nologo /W3 /WX- /diagnostics:column /sdl /Od /D _DEBUG /D _CONSOLE /D _UNICODE /D UNICODE /Gm- /EHsc /RTC1 /MDd /GS /fp:precise /Zc:wchar_t /Zc:forScope /Zc:inline /permissive- /Fo"x64\Debug\\" /Fd"x64\Debug\vc143.pdb" /external:W3 /Gd /TP /FC /errorReport:prompt Call.cpp lab7.cpp
         Call.cpp
         lab7.cpp
         Создание кода...
       Link:
         D:\Visual Studio\2022\Community\VC\Tools\MSVC\14.38.33130\bin\HostX64\x64\link.exe /ERRORREPORT:PROMPT /OUT:"D:\labs\кпо\SE_Lab07\x64\Debug\SE_Lab07.exe" /INCREMENTAL /ILK:"x64\Debug\SE_Lab07.ilk" /NOLOGO kernel32.lib user32.lib gdi32.lib winspool.lib comdlg32.lib advapi32.lib shell32.lib ole32.lib oleaut32.lib uuid.lib odbc32.lib odbccp32.lib /MANIFEST /MANIFESTUAC:"level='asInvoker' uiAccess='false'" /manifest:embed /DEBUG /PDB:"D:\labs\кпо\SE_Lab07\x64\Debug\SE_Lab07.pdb" /SUBSYSTEM:CONSOLE /TLBID:1 /DYNAMICBASE /NXCOMPAT /IMPLIB:"D:\labs\кпо\SE_Lab07\x64\Debug\SE_Lab07.lib" /MACHINE:X64 x64\Debug\Call.obj
         x64\Debug\lab7.obj
         SE_Lab07.vcxproj -> D:\labs\кпо\SE_Lab07\x64\Debug\SE_Lab07.exe
       FinalizeBuildStatus:
         Файл "x64\Debug\SE_Lab07.tlog\unsuccessfulbuild" удаляется.
         Обращение к "x64\Debug\SE_Lab07.tlog\SE_Lab07.lastbuildstate".
     1>Сборка проекта "D:\labs\кпо\SE_Lab07\SE_Lab07\SE_Lab07.vcxproj" завершена (целевые объекты Build).

Сборка успешно завершена.
    Предупреждений: 0
    Ошибок: 0

Прошло времени 00:00:01.94
