Сборка начата 08.04.2024 16:34:32.
Уровень детализации журнала: Normal.     1>Проект "D:\labs\kpo\1sem\lab5\lab5\lab5.vcxproj" в узле 2 (целевые объекты Build).
     1>PrepareForBuild:
         Структурированный вывод включен. Форматирование диагностики компилятора будет отражать иерархию ошибок. Подробнее см. https://aka.ms/cpp/structured-output.
       InitializeBuildStatus:
         Создание "Debug\lab5.tlog\unsuccessfulbuild", так как было задано "AlwaysCreate".
         Обращение к "Debug\lab5.tlog\unsuccessfulbuild".
       ClCompile:
         Для всех выходных данных обновления не требуется.
         Для всех выходных данных обновления не требуется.
       Link:
         Для всех выходных данных обновления не требуется.
         lab5.vcxproj -> D:\labs\kpo\1sem\lab5\Debug\lab5.exe
       FinalizeBuildStatus:
         Файл "Debug\lab5.tlog\unsuccessfulbuild" удаляется.
         Обращение к "Debug\lab5.tlog\lab5.lastbuildstate".
     1>Сборка проекта "D:\labs\kpo\1sem\lab5\lab5\lab5.vcxproj" завершена (целевые объекты Build).

Сборка успешно завершена.
    Предупреждений: 0
    Ошибок: 0

Прошло времени 00:00:01.66
